<?xml version="1.0" encoding="UTF-8"?>
<testng-results total="1" passed="1" failed="0" skipped="0">
  <reporter-output>
  </reporter-output>
  <suite started-at="2020-07-25T07:58:53Z" name="Default suite" finished-at="2020-07-25T07:59:06Z" duration-ms="12572">
    <groups>
    </groups>
    <test started-at="2020-07-25T07:58:53Z" name="Default test" finished-at="2020-07-25T07:59:06Z" duration-ms="12572">
      <class name="ApiAutomation.PostApiUsingPojo">
        <test-method signature="postSerialization()[pri:0, instance:ApiAutomation.PostApiUsingPojo@67e2d983]" started-at="2020-07-25T13:28:53Z" name="postSerialization" finished-at="2020-07-25T13:29:06Z" duration-ms="12523" status="PASS">
          <reporter-output>
          </reporter-output>
        </test-method> <!-- postSerialization -->
      </class> <!-- ApiAutomation.PostApiUsingPojo -->
    </test> <!-- Default test -->
  </suite> <!-- Default suite -->
</testng-results>
